2023-05-11 15:05:32,204 INFO o.a.j.u.JMeterUtils: Setting Locale to tr_TR
2023-05-11 15:05:32,234 INFO o.a.j.u.JMeterUtils: Could not find resources for 'tr_TR', using 'tr'
2023-05-11 15:05:32,239 INFO o.a.j.JMeter: Loading user properties from: user.properties
2023-05-11 15:05:32,239 INFO o.a.j.JMeter: Loading system properties from: system.properties
2023-05-11 15:05:32,244 INFO o.a.j.JMeter: Copyright (c) 1998-2022 The Apache Software Foundation
2023-05-11 15:05:32,244 INFO o.a.j.JMeter: Version 5.5
2023-05-11 15:05:32,244 INFO o.a.j.JMeter: java.version=11.0.9
2023-05-11 15:05:32,244 INFO o.a.j.JMeter: java.vm.name=Java HotSpot(TM) 64-Bit Server VM
2023-05-11 15:05:32,244 INFO o.a.j.JMeter: os.name=Windows 10
2023-05-11 15:05:32,244 INFO o.a.j.JMeter: os.arch=amd64
2023-05-11 15:05:32,244 INFO o.a.j.JMeter: os.version=10.0
2023-05-11 15:05:32,244 INFO o.a.j.JMeter: file.encoding=Cp1252
2023-05-11 15:05:32,244 INFO o.a.j.JMeter: java.awt.headless=null
2023-05-11 15:05:32,244 INFO o.a.j.JMeter: Max memory     =2124414976
2023-05-11 15:05:32,244 INFO o.a.j.JMeter: Available Processors =8
2023-05-11 15:05:32,254 INFO o.a.j.JMeter: Default Locale=Türkçe (Türkiye)
2023-05-11 15:05:32,254 INFO o.a.j.JMeter: JMeter  Locale=Türkçe (Türkiye)
2023-05-11 15:05:32,254 INFO o.a.j.JMeter: JMeterHome=C:\Users\Pc\Desktop\Jmeter\apache-jmeter-5.5
2023-05-11 15:05:32,254 INFO o.a.j.JMeter: user.dir  =C:\Users\Pc\Desktop\Jmeter\apache-jmeter-5.5\bin
2023-05-11 15:05:32,254 INFO o.a.j.JMeter: PWD       =C:\Users\Pc\Desktop\Jmeter\apache-jmeter-5.5\bin
2023-05-11 15:05:32,263 INFO o.a.j.JMeter: IP: 192.168.1.11 Name: ercan FullName: ercan.station
2023-05-11 15:05:32,273 INFO o.a.j.JMeter: Loaded icon properties from org/apache/jmeter/images/icon.properties
2023-05-11 15:05:32,544 INFO o.a.j.JMeterGuiLauncher: Setting LAF to: laf:javax.swing.plaf.metal.MetalLookAndFeel
